<?xml version="1.0" encoding="UTF-8"?>
<!-- Generated by org.testng.reporters.JUnitXMLReporter -->
<testsuite hostname="dell" ignored="0" name="Application Test" tests="4" failures="1" timestamp="31 Mar 2021 17:57:46 GMT" time="0.097" errors="0">
  <testcase name="f" time="0.009" classname="testngasserts.Aalltestrun"/>
  <testcase name="testArrays" time="0.009" classname="testngasserts.Testng_asserts">
    <failure type="java.lang.AssertionError" message="arrays don&amp;apos;t have the same size.  expected [4] but found [3]">
      <![CDATA[java.lang.AssertionError: arrays don't have the same size.  expected [4] but found [3]
at testngasserts.Testng_asserts.testArrays(Testng_asserts.java:32)
... Removed 33 stack frames]]>
    </failure>
  </testcase> <!-- testArrays -->
  <testcase name="testStrings" time="0.004" classname="testngasserts.Testng_asserts"/>
  <testcase name="testSum" time="0.002" classname="testngasserts.Testng_asserts"/>
</testsuite> <!-- Application Test -->
